<?xml version="1.0" encoding="UTF-8"?>
<testsuite name="com.geekyarticles.linearalgebra.matrix.MatrixTest" tests="6" skipped="0" failures="0" errors="0" timestamp="2017-08-03T09:06:55" hostname="debasishc" time="0.046">
  <properties/>
  <testcase name="testRank5x4_2" classname="com.geekyarticles.linearalgebra.matrix.MatrixTest" time="0.038"/>
  <testcase name="testRank5x4_3" classname="com.geekyarticles.linearalgebra.matrix.MatrixTest" time="0.002"/>
  <testcase name="testRank5x4" classname="com.geekyarticles.linearalgebra.matrix.MatrixTest" time="0.002"/>
  <testcase name="testMult2x2" classname="com.geekyarticles.linearalgebra.matrix.MatrixTest" time="0.001"/>
  <testcase name="testInverse2x2" classname="com.geekyarticles.linearalgebra.matrix.MatrixTest" time="0.001"/>
  <testcase name="testAdd2x2" classname="com.geekyarticles.linearalgebra.matrix.MatrixTest" time="0.001"/>
  <system-out><![CDATA[]]></system-out>
  <system-err><![CDATA[]]></system-err>
</testsuite>
